com.uisleandro.generated/com.uisleandro.Store.Core/build/outputs/logs/manifest-merger-debug-report.txt
-- Merging decision tree log ---
manifest
ADDED from src/main/AndroidManifest.xml:5:1-211:12
INJECTED from src/main/AndroidManifest.xml:5:1-211:12
INJECTED from src/main/AndroidManifest.xml:5:1-211:12
INJECTED from src/main/AndroidManifest.xml:5:1-211:12
MERGED from [com.android.support:design:26.1.0] AndroidManifest.xml:17:1-31:12
MERGED from [com.android.support:appcompat-v7:26.1.0] AndroidManifest.xml:17:1-31:12
MERGED from [com.android.support.constraint:constraint-layout:1.0.2] AndroidManifest.xml:2:1-11:12
MERGED from [com.android.support:transition:26.1.0] AndroidManifest.xml:17:1-28:12
MERGED from [com.android.support:support-v4:26.1.0] AndroidManifest.xml:17:1-31:12
MERGED from [com.android.support:animated-vector-drawable:26.1.0] AndroidManifest.xml:17:1-28:12
MERGED from [com.android.support:support-vector-drawable:26.1.0] AndroidManifest.xml:17:1-28:12
MERGED from [com.android.support:recyclerview-v7:26.1.0] AndroidManifest.xml:17:1-28:12
MERGED from [com.android.support:support-media-compat:26.1.0] AndroidManifest.xml:17:1-31:12
MERGED from [com.android.support:support-fragment:26.1.0] AndroidManifest.xml:17:1-31:12
MERGED from [com.android.support:support-core-utils:26.1.0] AndroidManifest.xml:17:1-31:12
MERGED from [com.android.support:support-core-ui:26.1.0] AndroidManifest.xml:17:1-31:12
MERGED from [com.android.support:support-compat:26.1.0] AndroidManifest.xml:17:1-31:12
MERGED from [android.arch.lifecycle:runtime:1.0.0] AndroidManifest.xml:17:1-30:12
INJECTED from src/main/AndroidManifest.xml:5:1-211:12
INJECTED from src/main/AndroidManifest.xml:5:1-211:12
INJECTED from src/main/AndroidManifest.xml:5:1-211:12
	package
		ADDED from src/main/AndroidManifest.xml:6:1-31
		INJECTED from src/main/AndroidManifest.xml
		INJECTED from src/main/AndroidManifest.xml
	android:versionName
		INJECTED from src/main/AndroidManifest.xml
		ADDED from src/main/AndroidManifest.xml:5:1-211:12
		INJECTED from src/main/AndroidManifest.xml
	android:versionCode
		INJECTED from src/main/AndroidManifest.xml
		ADDED from src/main/AndroidManifest.xml:5:1-211:12
		INJECTED from src/main/AndroidManifest.xml
	xmlns:android
		ADDED from src/main/AndroidManifest.xml:5:11-69
uses-permission#android.permission.CAMERA
ADDED from src/main/AndroidManifest.xml:13:2-61
	android:name
		ADDED from src/main/AndroidManifest.xml:13:19-59
uses-permission#android.permission.ACCESS_FINE_LOCATION
ADDED from src/main/AndroidManifest.xml:14:2-75
	android:name
		ADDED from src/main/AndroidManifest.xml:14:19-73
uses-permission#android.permission.SEND_SMS
ADDED from src/main/AndroidManifest.xml:15:2-63
	android:name
		ADDED from src/main/AndroidManifest.xml:15:19-61
uses-permission#android.permission.WRITE_EXTERNAL_STORAGE
ADDED from src/main/AndroidManifest.xml:16:2-77
	android:name
		ADDED from src/main/AndroidManifest.xml:16:19-75
uses-permission#android.permission.INTERNET
ADDED from src/main/AndroidManifest.xml:17:2-63
	android:name
		ADDED from src/main/AndroidManifest.xml:17:19-61
application
ADDED from src/main/AndroidManifest.xml:19:2-210:17
MERGED from [com.android.support:design:26.1.0] AndroidManifest.xml:25:5-29:19
MERGED from [com.android.support:design:26.1.0] AndroidManifest.xml:25:5-29:19
MERGED from [com.android.support:appcompat-v7:26.1.0] AndroidManifest.xml:25:5-29:19
MERGED from [com.android.support:appcompat-v7:26.1.0] AndroidManifest.xml:25:5-29:19
MERGED from [com.android.support.constraint:constraint-layout:1.0.2] AndroidManifest.xml:9:5-20
MERGED from [com.android.support.constraint:constraint-layout:1.0.2] AndroidManifest.xml:9:5-20
MERGED from [com.android.support:transition:26.1.0] AndroidManifest.xml:22:5-26:19
MERGED from [com.android.support:transition:26.1.0] AndroidManifest.xml:22:5-26:19
MERGED from [com.android.support:support-v4:26.1.0] AndroidManifest.xml:25:5-29:19
MERGED from [com.android.support:support-v4:26.1.0] AndroidManifest.xml:25:5-29:19
MERGED from [com.android.support:animated-vector-drawable:26.1.0] AndroidManifest.xml:22:5-26:19
MERGED from [com.android.support:animated-vector-drawable:26.1.0] AndroidManifest.xml:22:5-26:19
MERGED from [com.android.support:support-vector-drawable:26.1.0] AndroidManifest.xml:22:5-26:19
MERGED from [com.android.support:support-vector-drawable:26.1.0] AndroidManifest.xml:22:5-26:19
MERGED from [com.android.support:recyclerview-v7:26.1.0] AndroidManifest.xml:22:5-26:19
MERGED from [com.android.support:recyclerview-v7:26.1.0] AndroidManifest.xml:22:5-26:19
MERGED from [com.android.support:support-media-compat:26.1.0] AndroidManifest.xml:25:5-29:19
MERGED from [com.android.support:support-media-compat:26.1.0] AndroidManifest.xml:25:5-29:19
MERGED from [com.android.support:support-fragment:26.1.0] AndroidManifest.xml:25:5-29:19
MERGED from [com.android.support:support-fragment:26.1.0] AndroidManifest.xml:25:5-29:19
MERGED from [com.android.support:support-core-utils:26.1.0] AndroidManifest.xml:25:5-29:19
MERGED from [com.android.support:support-core-utils:26.1.0] AndroidManifest.xml:25:5-29:19
MERGED from [com.android.support:support-core-ui:26.1.0] AndroidManifest.xml:25:5-29:19
MERGED from [com.android.support:support-core-ui:26.1.0] AndroidManifest.xml:25:5-29:19
MERGED from [com.android.support:support-compat:26.1.0] AndroidManifest.xml:25:5-29:19
MERGED from [com.android.support:support-compat:26.1.0] AndroidManifest.xml:25:5-29:19
MERGED from [android.arch.lifecycle:runtime:1.0.0] AndroidManifest.xml:24:5-28:19
MERGED from [android.arch.lifecycle:runtime:1.0.0] AndroidManifest.xml:24:5-28:19
	android:supportsRtl
		ADDED from src/main/AndroidManifest.xml:23:3-29
	android:label
		ADDED from src/main/AndroidManifest.xml:22:3-35
	android:icon
		ADDED from src/main/AndroidManifest.xml:21:3-37
	android:allowBackup
		ADDED from src/main/AndroidManifest.xml:20:3-29
	android:theme
		ADDED from src/main/AndroidManifest.xml:24:3-34
activity#com.uisleandro.store.MainActivity
ADDED from src/main/AndroidManifest.xml:26:3-32:14
	android:name
		ADDED from src/main/AndroidManifest.xml:26:13-41
intent-filter#action:name:android.intent.action.MAIN+category:name:android.intent.category.LAUNCHER
ADDED from src/main/AndroidManifest.xml:27:4-31:20
action#android.intent.action.MAIN
ADDED from src/main/AndroidManifest.xml:28:5-56
	android:name
		ADDED from src/main/AndroidManifest.xml:28:13-54
category#android.intent.category.LAUNCHER
ADDED from src/main/AndroidManifest.xml:30:5-64
	android:name
		ADDED from src/main/AndroidManifest.xml:30:15-62
provider#com.uisleandro.store.cash.model.CashRegisterProvider
ADDED from src/main/AndroidManifest.xml:43:1-46:12
	android:authorities
		ADDED from src/main/AndroidManifest.xml:44:3-53
	android:name
		ADDED from src/main/AndroidManifest.xml:45:3-70
provider#com.uisleandro.store.cash.model.CashLaunchProvider
ADDED from src/main/AndroidManifest.xml:48:1-51:12
	android:authorities
		ADDED from src/main/AndroidManifest.xml:49:3-51
	android:name
		ADDED from src/main/AndroidManifest.xml:50:3-68
provider#com.uisleandro.store.supply.model.StockReviewProvider
ADDED from src/main/AndroidManifest.xml:53:1-56:12
	android:authorities
		ADDED from src/main/AndroidManifest.xml:54:3-52
	android:name
		ADDED from src/main/AndroidManifest.xml:55:3-71
provider#com.uisleandro.store.supply.model.UnitProvider
ADDED from src/main/AndroidManifest.xml:58:1-61:12
	android:authorities
		ADDED from src/main/AndroidManifest.xml:59:3-44
	android:name
		ADDED from src/main/AndroidManifest.xml:60:3-64
provider#com.uisleandro.store.supply.model.CategoryProvider
ADDED from src/main/AndroidManifest.xml:63:1-66:12
	android:authorities
		ADDED from src/main/AndroidManifest.xml:64:3-48
	android:name
		ADDED from src/main/AndroidManifest.xml:65:3-68
provider#com.uisleandro.store.supply.model.BrandProvider
ADDED from src/main/AndroidManifest.xml:68:1-71:12
	android:authorities
		ADDED from src/main/AndroidManifest.xml:69:3-45
	android:name
		ADDED from src/main/AndroidManifest.xml:70:3-65
provider#com.uisleandro.store.supply.model.GenderProvider
ADDED from src/main/AndroidManifest.xml:73:1-76:12
	android:authorities
		ADDED from src/main/AndroidManifest.xml:74:3-46
	android:name
		ADDED from src/main/AndroidManifest.xml:75:3-66
provider#com.uisleandro.store.supply.model.ProductProvider
ADDED from src/main/AndroidManifest.xml:78:1-81:12
	android:authorities
		ADDED from src/main/AndroidManifest.xml:79:3-47
	android:name
		ADDED from src/main/AndroidManifest.xml:80:3-67
provider#com.uisleandro.store.supply.model.DistributorContactProvider
ADDED from src/main/AndroidManifest.xml:83:1-86:12
	android:authorities
		ADDED from src/main/AndroidManifest.xml:84:3-59
	android:name
		ADDED from src/main/AndroidManifest.xml:85:3-78
provider#com.uisleandro.store.credit_protection.model.IssueProvider
ADDED from src/main/AndroidManifest.xml:88:1-91:12
	android:authorities
		ADDED from src/main/AndroidManifest.xml:89:3-45
	android:name
		ADDED from src/main/AndroidManifest.xml:90:3-76
provider#com.uisleandro.store.credit_protection.model.SharedClientProvider
ADDED from src/main/AndroidManifest.xml:93:1-96:12
	android:authorities
		ADDED from src/main/AndroidManifest.xml:94:3-53
	android:name
		ADDED from src/main/AndroidManifest.xml:95:3-83
provider#com.uisleandro.store.sales.model.ProductOnSaleProvider
ADDED from src/main/AndroidManifest.xml:98:1-101:12
	android:authorities
		ADDED from src/main/AndroidManifest.xml:99:3-55
	android:name
		ADDED from src/main/AndroidManifest.xml:100:3-72
provider#com.uisleandro.store.sales.model.SaleTypeProvider
ADDED from src/main/AndroidManifest.xml:103:1-106:12
	android:authorities
		ADDED from src/main/AndroidManifest.xml:104:3-49
	android:name
		ADDED from src/main/AndroidManifest.xml:105:3-67
provider#com.uisleandro.store.sales.model.SaleProvider
ADDED from src/main/AndroidManifest.xml:108:1-111:12
	android:authorities
		ADDED from src/main/AndroidManifest.xml:109:3-44
	android:name
		ADDED from src/main/AndroidManifest.xml:110:3-63
provider#com.uisleandro.store.core.model.DbLogProvider
ADDED from src/main/AndroidManifest.xml:113:1-116:12
	android:authorities
		ADDED from src/main/AndroidManifest.xml:114:3-46
	android:name
		ADDED from src/main/AndroidManifest.xml:115:3-63
provider#com.uisleandro.store.core.model.CurrencyProvider
ADDED from src/main/AndroidManifest.xml:118:1-121:12
	android:authorities
		ADDED from src/main/AndroidManifest.xml:119:3-48
	android:name
		ADDED from src/main/AndroidManifest.xml:120:3-66
provider#com.uisleandro.store.core.model.TokenTypeProvider
ADDED from src/main/AndroidManifest.xml:123:1-126:12
	android:authorities
		ADDED from src/main/AndroidManifest.xml:124:3-50
	android:name
		ADDED from src/main/AndroidManifest.xml:125:3-67
provider#com.uisleandro.store.core.model.UserProvider
ADDED from src/main/AndroidManifest.xml:128:1-131:12
	android:authorities
		ADDED from src/main/AndroidManifest.xml:129:3-44
	android:name
		ADDED from src/main/AndroidManifest.xml:130:3-62
provider#com.uisleandro.store.core.model.TokenProvider
ADDED from src/main/AndroidManifest.xml:133:1-136:12
	android:authorities
		ADDED from src/main/AndroidManifest.xml:134:3-45
	android:name
		ADDED from src/main/AndroidManifest.xml:135:3-63
provider#com.uisleandro.store.core.model.SystemProvider
ADDED from src/main/AndroidManifest.xml:138:1-141:12
	android:authorities
		ADDED from src/main/AndroidManifest.xml:139:3-46
	android:name
		ADDED from src/main/AndroidManifest.xml:140:3-64
provider#com.uisleandro.store.core.model.RoleProvider
ADDED from src/main/AndroidManifest.xml:143:1-146:12
	android:authorities
		ADDED from src/main/AndroidManifest.xml:144:3-44
	android:name
		ADDED from src/main/AndroidManifest.xml:145:3-62
provider#com.uisleandro.store.discount.model.DiscountProvider
ADDED from src/main/AndroidManifest.xml:148:1-151:12
	android:authorities
		ADDED from src/main/AndroidManifest.xml:149:3-48
	android:name
		ADDED from src/main/AndroidManifest.xml:150:3-70
provider#com.uisleandro.store.client.model.CountryProvider
ADDED from src/main/AndroidManifest.xml:153:1-156:12
	android:authorities
		ADDED from src/main/AndroidManifest.xml:154:3-47
	android:name
		ADDED from src/main/AndroidManifest.xml:155:3-67
provider#com.uisleandro.store.client.model.BrazilianProvider
ADDED from src/main/AndroidManifest.xml:158:1-161:12
	android:authorities
		ADDED from src/main/AndroidManifest.xml:159:3-49
	android:name
		ADDED from src/main/AndroidManifest.xml:160:3-69
provider#com.uisleandro.store.client.model.ClientFromSystemProvider
ADDED from src/main/AndroidManifest.xml:163:1-166:12
	android:authorities
		ADDED from src/main/AndroidManifest.xml:164:3-58
	android:name
		ADDED from src/main/AndroidManifest.xml:165:3-76
provider#com.uisleandro.store.client.model.BasicClientProvider
ADDED from src/main/AndroidManifest.xml:168:1-171:12
	android:authorities
		ADDED from src/main/AndroidManifest.xml:169:3-52
	android:name
		ADDED from src/main/AndroidManifest.xml:170:3-71
provider#com.uisleandro.store.receivement.model.BankProvider
ADDED from src/main/AndroidManifest.xml:173:1-176:12
	android:authorities
		ADDED from src/main/AndroidManifest.xml:174:3-44
	android:name
		ADDED from src/main/AndroidManifest.xml:175:3-69
provider#com.uisleandro.store.receivement.model.InvoiceProvider
ADDED from src/main/AndroidManifest.xml:178:1-181:12
	android:authorities
		ADDED from src/main/AndroidManifest.xml:179:3-47
	android:name
		ADDED from src/main/AndroidManifest.xml:180:3-72
provider#com.uisleandro.store.receivement.model.InstallmentTypeProvider
ADDED from src/main/AndroidManifest.xml:183:1-186:12
	android:authorities
		ADDED from src/main/AndroidManifest.xml:184:3-56
	android:name
		ADDED from src/main/AndroidManifest.xml:185:3-80
provider#com.uisleandro.store.receivement.model.BoletoSicoobProvider
ADDED from src/main/AndroidManifest.xml:188:1-191:12
	android:authorities
		ADDED from src/main/AndroidManifest.xml:189:3-53
	android:name
		ADDED from src/main/AndroidManifest.xml:190:3-77
provider#com.uisleandro.store.receivement.model.InterestRateTypeProvider
ADDED from src/main/AndroidManifest.xml:193:1-196:12
	android:authorities
		ADDED from src/main/AndroidManifest.xml:194:3-58
	android:name
		ADDED from src/main/AndroidManifest.xml:195:3-81
provider#com.uisleandro.store.referral.model.ResellerProvider
ADDED from src/main/AndroidManifest.xml:198:1-201:12
	android:authorities
		ADDED from src/main/AndroidManifest.xml:199:3-48
	android:name
		ADDED from src/main/AndroidManifest.xml:200:3-70
uses-sdk
INJECTED from src/main/AndroidManifest.xml reason: use-sdk injection requested
INJECTED from src/main/AndroidManifest.xml
INJECTED from src/main/AndroidManifest.xml
MERGED from [com.android.support:design:26.1.0] AndroidManifest.xml:21:5-23:62
MERGED from [com.android.support:design:26.1.0] AndroidManifest.xml:21:5-23:62
MERGED from [com.android.support:appcompat-v7:26.1.0] AndroidManifest.xml:21:5-23:78
MERGED from [com.android.support:appcompat-v7:26.1.0] AndroidManifest.xml:21:5-23:78
MERGED from [com.android.support.constraint:constraint-layout:1.0.2] AndroidManifest.xml:5:5-7:41
MERGED from [com.android.support.constraint:constraint-layout:1.0.2] AndroidManifest.xml:5:5-7:41
MERGED from [com.android.support:transition:26.1.0] AndroidManifest.xml:20:5-44
MERGED from [com.android.support:transition:26.1.0] AndroidManifest.xml:20:5-44
MERGED from [com.android.support:support-v4:26.1.0] AndroidManifest.xml:21:5-23:54
MERGED from [com.android.support:support-v4:26.1.0] AndroidManifest.xml:21:5-23:54
MERGED from [com.android.support:animated-vector-drawable:26.1.0] AndroidManifest.xml:20:5-44
MERGED from [com.android.support:animated-vector-drawable:26.1.0] AndroidManifest.xml:20:5-44
MERGED from [com.android.support:support-vector-drawable:26.1.0] AndroidManifest.xml:20:5-44
MERGED from [com.android.support:support-vector-drawable:26.1.0] AndroidManifest.xml:20:5-44
MERGED from [com.android.support:recyclerview-v7:26.1.0] AndroidManifest.xml:20:5-44
MERGED from [com.android.support:recyclerview-v7:26.1.0] AndroidManifest.xml:20:5-44
MERGED from [com.android.support:support-media-compat:26.1.0] AndroidManifest.xml:21:5-23:63
MERGED from [com.android.support:support-media-compat:26.1.0] AndroidManifest.xml:21:5-23:63
MERGED from [com.android.support:support-fragment:26.1.0] AndroidManifest.xml:21:5-23:60
MERGED from [com.android.support:support-fragment:26.1.0] AndroidManifest.xml:21:5-23:60
MERGED from [com.android.support:support-core-utils:26.1.0] AndroidManifest.xml:21:5-23:61
MERGED from [com.android.support:support-core-utils:26.1.0] AndroidManifest.xml:21:5-23:61
MERGED from [com.android.support:support-core-ui:26.1.0] AndroidManifest.xml:21:5-23:58
MERGED from [com.android.support:support-core-ui:26.1.0] AndroidManifest.xml:21:5-23:58
MERGED from [com.android.support:support-compat:26.1.0] AndroidManifest.xml:21:5-23:58
MERGED from [com.android.support:support-compat:26.1.0] AndroidManifest.xml:21:5-23:58
MERGED from [android.arch.lifecycle:runtime:1.0.0] AndroidManifest.xml:20:5-22:41
MERGED from [android.arch.lifecycle:runtime:1.0.0] AndroidManifest.xml:20:5-22:41
INJECTED from src/main/AndroidManifest.xml
INJECTED from src/main/AndroidManifest.xml
	tools:overrideLibrary
		ADDED from [com.android.support:design:26.1.0] AndroidManifest.xml:23:9-59
	android:targetSdkVersion
		INJECTED from src/main/AndroidManifest.xml
		ADDED from src/main/AndroidManifest.xml
		INJECTED from src/main/AndroidManifest.xml
	android:minSdkVersion
		INJECTED from src/main/AndroidManifest.xml
		ADDED from src/main/AndroidManifest.xml
		INJECTED from src/main/AndroidManifest.xml
meta-data#android.support.VERSION
ADDED from [com.android.support:design:26.1.0] AndroidManifest.xml:26:9-28:38
MERGED from [com.android.support:appcompat-v7:26.1.0] AndroidManifest.xml:26:9-28:38
MERGED from [com.android.support:appcompat-v7:26.1.0] AndroidManifest.xml:26:9-28:38
MERGED from [com.android.support:transition:26.1.0] AndroidManifest.xml:23:9-25:38
MERGED from [com.android.support:transition:26.1.0] AndroidManifest.xml:23:9-25:38
MERGED from [com.android.support:support-v4:26.1.0] AndroidManifest.xml:26:9-28:38
MERGED from [com.android.support:support-v4:26.1.0] AndroidManifest.xml:26:9-28:38
MERGED from [com.android.support:animated-vector-drawable:26.1.0] AndroidManifest.xml:23:9-25:38
MERGED from [com.android.support:animated-vector-drawable:26.1.0] AndroidManifest.xml:23:9-25:38
MERGED from [com.android.support:support-vector-drawable:26.1.0] AndroidManifest.xml:23:9-25:38
MERGED from [com.android.support:support-vector-drawable:26.1.0] AndroidManifest.xml:23:9-25:38
MERGED from [com.android.support:recyclerview-v7:26.1.0] AndroidManifest.xml:23:9-25:38
MERGED from [com.android.support:recyclerview-v7:26.1.0] AndroidManifest.xml:23:9-25:38
MERGED from [com.android.support:support-media-compat:26.1.0] AndroidManifest.xml:26:9-28:38
MERGED from [com.android.support:support-media-compat:26.1.0] AndroidManifest.xml:26:9-28:38
MERGED from [com.android.support:support-fragment:26.1.0] AndroidManifest.xml:26:9-28:38
MERGED from [com.android.support:support-fragment:26.1.0] AndroidManifest.xml:26:9-28:38
MERGED from [com.android.support:support-core-utils:26.1.0] AndroidManifest.xml:26:9-28:38
MERGED from [com.android.support:support-core-utils:26.1.0] AndroidManifest.xml:26:9-28:38
MERGED from [com.android.support:support-core-ui:26.1.0] AndroidManifest.xml:26:9-28:38
MERGED from [com.android.support:support-core-ui:26.1.0] AndroidManifest.xml:26:9-28:38
MERGED from [com.android.support:support-compat:26.1.0] AndroidManifest.xml:26:9-28:38
MERGED from [com.android.support:support-compat:26.1.0] AndroidManifest.xml:26:9-28:38
	android:value
		ADDED from [com.android.support:design:26.1.0] AndroidManifest.xml:28:13-35
	android:name
		ADDED from [com.android.support:design:26.1.0] AndroidManifest.xml:27:13-51
meta-data#android.arch.lifecycle.VERSION
ADDED from [android.arch.lifecycle:runtime:1.0.0] AndroidManifest.xml:25:9-27:47
	android:value
		ADDED from [android.arch.lifecycle:runtime:1.0.0] AndroidManifest.xml:27:13-44
	android:name
		ADDED from [android.arch.lifecycle:runtime:1.0.0] AndroidManifest.xml:26:13-58